0 info it worked if it ends with ok
1 verbose cli [ '/usr/local/bin/node',
1 verbose cli   '/usr/local/bin/npm',
1 verbose cli   'run',
1 verbose cli   'production' ]
2 info using npm@3.8.8
3 info using node@v6.0.0
4 verbose run-script [ 'preproduction', 'production', 'postproduction' ]
5 info lifecycle @~preproduction: @
6 silly lifecycle @~preproduction: no script for preproduction, continuing
7 info lifecycle @~production: @
8 verbose lifecycle @~production: unsafe-perm in lifecycle true
9 verbose lifecycle @~production: PATH: /usr/local/lib/node_modules/npm/bin/node-gyp-bin:/var/www/pingdevs/data/www/pingdevs.com/node_modules/.bin:/usr/local/bin:/usr/local/bin:/usr/bin:/bin:/usr/local/games:/usr/games
10 verbose lifecycle @~production: CWD: /var/www/pingdevs/data/www/pingdevs.com
11 silly lifecycle @~production: Args: [ '-c',
11 silly lifecycle   'cross-env NODE_ENV=production node_modules/webpack/bin/webpack.js --progress --hide-modules --config=node_modules/laravel-mix/setup/webpack.config.js' ]
12 silly lifecycle @~production: Returned: code: 1  signal: null
13 info lifecycle @~production: Failed to exec production script
14 verbose stack Error: @ production: `cross-env NODE_ENV=production node_modules/webpack/bin/webpack.js --progress --hide-modules --config=node_modules/laravel-mix/setup/webpack.config.js`
14 verbose stack Exit status 1
14 verbose stack     at EventEmitter.<anonymous> (/usr/local/lib/node_modules/npm/lib/utils/lifecycle.js:244:16)
14 verbose stack     at emitTwo (events.js:106:13)
14 verbose stack     at EventEmitter.emit (events.js:191:7)
14 verbose stack     at ChildProcess.<anonymous> (/usr/local/lib/node_modules/npm/lib/utils/spawn.js:24:14)
14 verbose stack     at emitTwo (events.js:106:13)
14 verbose stack     at ChildProcess.emit (events.js:191:7)
14 verbose stack     at maybeClose (internal/child_process.js:850:16)
14 verbose stack     at Process.ChildProcess._handle.onexit (internal/child_process.js:215:5)
15 verbose pkgid @
16 verbose cwd /var/www/pingdevs/data/www/pingdevs.com
17 error Linux 3.16.0-4-amd64
18 error argv "/usr/local/bin/node" "/usr/local/bin/npm" "run" "production"
19 error node v6.0.0
20 error npm  v3.8.8
21 error code ELIFECYCLE
22 error @ production: `cross-env NODE_ENV=production node_modules/webpack/bin/webpack.js --progress --hide-modules --config=node_modules/laravel-mix/setup/webpack.config.js`
22 error Exit status 1
23 error Failed at the @ production script 'cross-env NODE_ENV=production node_modules/webpack/bin/webpack.js --progress --hide-modules --config=node_modules/laravel-mix/setup/webpack.config.js'.
23 error Make sure you have the latest version of node.js and npm installed.
23 error If you do, this is most likely a problem with the  package,
23 error not with npm itself.
23 error Tell the author that this fails on your system:
23 error     cross-env NODE_ENV=production node_modules/webpack/bin/webpack.js --progress --hide-modules --config=node_modules/laravel-mix/setup/webpack.config.js
23 error You can get information on how to open an issue for this project with:
23 error     npm bugs
23 error Or if that isn't available, you can get their info via:
23 error     npm owner ls
23 error There is likely additional logging output above.
24 verbose exit [ 1, true ]
